2023-06-16 10:05:30,590 - harmonypy - INFO - Computing initial centroids with sklearn.KMeans...
Exception ignored on calling ctypes callback function: <function _ThreadpoolInfo._find_modules_with_dl_iterate_phdr.<locals>.match_module_callback at 0x7f365166d310>
Traceback (most recent call last):
  File "/home/icb/irene.bonafonte/miniconda3/lib/python3.9/site-packages/threadpoolctl.py", line 400, in match_module_callback
    self._make_module_from_path(filepath)
  File "/home/icb/irene.bonafonte/miniconda3/lib/python3.9/site-packages/threadpoolctl.py", line 515, in _make_module_from_path
    module = module_class(filepath, prefix, user_api, internal_api)
  File "/home/icb/irene.bonafonte/miniconda3/lib/python3.9/site-packages/threadpoolctl.py", line 606, in __init__
    self.version = self.get_version()
  File "/home/icb/irene.bonafonte/miniconda3/lib/python3.9/site-packages/threadpoolctl.py", line 646, in get_version
    config = get_config().split()
AttributeError: 'NoneType' object has no attribute 'split'
Exception ignored on calling ctypes callback function: <function _ThreadpoolInfo._find_modules_with_dl_iterate_phdr.<locals>.match_module_callback at 0x7f365166d310>
Traceback (most recent call last):
  File "/home/icb/irene.bonafonte/miniconda3/lib/python3.9/site-packages/threadpoolctl.py", line 400, in match_module_callback
    self._make_module_from_path(filepath)
  File "/home/icb/irene.bonafonte/miniconda3/lib/python3.9/site-packages/threadpoolctl.py", line 515, in _make_module_from_path
    module = module_class(filepath, prefix, user_api, internal_api)
  File "/home/icb/irene.bonafonte/miniconda3/lib/python3.9/site-packages/threadpoolctl.py", line 606, in __init__
    self.version = self.get_version()
  File "/home/icb/irene.bonafonte/miniconda3/lib/python3.9/site-packages/threadpoolctl.py", line 646, in get_version
    config = get_config().split()
AttributeError: 'NoneType' object has no attribute 'split'
Exception ignored on calling ctypes callback function: <function _ThreadpoolInfo._find_modules_with_dl_iterate_phdr.<locals>.match_module_callback at 0x7f365166d310>
Traceback (most recent call last):
  File "/home/icb/irene.bonafonte/miniconda3/lib/python3.9/site-packages/threadpoolctl.py", line 400, in match_module_callback
    self._make_module_from_path(filepath)
  File "/home/icb/irene.bonafonte/miniconda3/lib/python3.9/site-packages/threadpoolctl.py", line 515, in _make_module_from_path
    module = module_class(filepath, prefix, user_api, internal_api)
  File "/home/icb/irene.bonafonte/miniconda3/lib/python3.9/site-packages/threadpoolctl.py", line 606, in __init__
    self.version = self.get_version()
  File "/home/icb/irene.bonafonte/miniconda3/lib/python3.9/site-packages/threadpoolctl.py", line 646, in get_version
    config = get_config().split()
AttributeError: 'NoneType' object has no attribute 'split'
Exception ignored on calling ctypes callback function: <function _ThreadpoolInfo._find_modules_with_dl_iterate_phdr.<locals>.match_module_callback at 0x7f365166d310>
Traceback (most recent call last):
  File "/home/icb/irene.bonafonte/miniconda3/lib/python3.9/site-packages/threadpoolctl.py", line 400, in match_module_callback
    self._make_module_from_path(filepath)
  File "/home/icb/irene.bonafonte/miniconda3/lib/python3.9/site-packages/threadpoolctl.py", line 515, in _make_module_from_path
    module = module_class(filepath, prefix, user_api, internal_api)
  File "/home/icb/irene.bonafonte/miniconda3/lib/python3.9/site-packages/threadpoolctl.py", line 606, in __init__
    self.version = self.get_version()
  File "/home/icb/irene.bonafonte/miniconda3/lib/python3.9/site-packages/threadpoolctl.py", line 646, in get_version
    config = get_config().split()
AttributeError: 'NoneType' object has no attribute 'split'
Exception ignored on calling ctypes callback function: <function _ThreadpoolInfo._find_modules_with_dl_iterate_phdr.<locals>.match_module_callback at 0x7f365166d310>
Traceback (most recent call last):
  File "/home/icb/irene.bonafonte/miniconda3/lib/python3.9/site-packages/threadpoolctl.py", line 400, in match_module_callback
    self._make_module_from_path(filepath)
  File "/home/icb/irene.bonafonte/miniconda3/lib/python3.9/site-packages/threadpoolctl.py", line 515, in _make_module_from_path
    module = module_class(filepath, prefix, user_api, internal_api)
  File "/home/icb/irene.bonafonte/miniconda3/lib/python3.9/site-packages/threadpoolctl.py", line 606, in __init__
    self.version = self.get_version()
  File "/home/icb/irene.bonafonte/miniconda3/lib/python3.9/site-packages/threadpoolctl.py", line 646, in get_version
    config = get_config().split()
AttributeError: 'NoneType' object has no attribute 'split'
Exception ignored on calling ctypes callback function: <function _ThreadpoolInfo._find_modules_with_dl_iterate_phdr.<locals>.match_module_callback at 0x7f365166d310>
Traceback (most recent call last):
  File "/home/icb/irene.bonafonte/miniconda3/lib/python3.9/site-packages/threadpoolctl.py", line 400, in match_module_callback
    self._make_module_from_path(filepath)
  File "/home/icb/irene.bonafonte/miniconda3/lib/python3.9/site-packages/threadpoolctl.py", line 515, in _make_module_from_path
    module = module_class(filepath, prefix, user_api, internal_api)
  File "/home/icb/irene.bonafonte/miniconda3/lib/python3.9/site-packages/threadpoolctl.py", line 606, in __init__
    self.version = self.get_version()
  File "/home/icb/irene.bonafonte/miniconda3/lib/python3.9/site-packages/threadpoolctl.py", line 646, in get_version
    config = get_config().split()
AttributeError: 'NoneType' object has no attribute 'split'
Exception ignored on calling ctypes callback function: <function _ThreadpoolInfo._find_modules_with_dl_iterate_phdr.<locals>.match_module_callback at 0x7f365166d310>
Traceback (most recent call last):
  File "/home/icb/irene.bonafonte/miniconda3/lib/python3.9/site-packages/threadpoolctl.py", line 400, in match_module_callback
    self._make_module_from_path(filepath)
  File "/home/icb/irene.bonafonte/miniconda3/lib/python3.9/site-packages/threadpoolctl.py", line 515, in _make_module_from_path
    module = module_class(filepath, prefix, user_api, internal_api)
  File "/home/icb/irene.bonafonte/miniconda3/lib/python3.9/site-packages/threadpoolctl.py", line 606, in __init__
    self.version = self.get_version()
  File "/home/icb/irene.bonafonte/miniconda3/lib/python3.9/site-packages/threadpoolctl.py", line 646, in get_version
    config = get_config().split()
AttributeError: 'NoneType' object has no attribute 'split'
Exception ignored on calling ctypes callback function: <function _ThreadpoolInfo._find_modules_with_dl_iterate_phdr.<locals>.match_module_callback at 0x7f365166d310>
Traceback (most recent call last):
  File "/home/icb/irene.bonafonte/miniconda3/lib/python3.9/site-packages/threadpoolctl.py", line 400, in match_module_callback
    self._make_module_from_path(filepath)
  File "/home/icb/irene.bonafonte/miniconda3/lib/python3.9/site-packages/threadpoolctl.py", line 515, in _make_module_from_path
    module = module_class(filepath, prefix, user_api, internal_api)
  File "/home/icb/irene.bonafonte/miniconda3/lib/python3.9/site-packages/threadpoolctl.py", line 606, in __init__
    self.version = self.get_version()
  File "/home/icb/irene.bonafonte/miniconda3/lib/python3.9/site-packages/threadpoolctl.py", line 646, in get_version
    config = get_config().split()
AttributeError: 'NoneType' object has no attribute 'split'
Exception ignored on calling ctypes callback function: <function _ThreadpoolInfo._find_modules_with_dl_iterate_phdr.<locals>.match_module_callback at 0x7f365166d310>
Traceback (most recent call last):
  File "/home/icb/irene.bonafonte/miniconda3/lib/python3.9/site-packages/threadpoolctl.py", line 400, in match_module_callback
    self._make_module_from_path(filepath)
  File "/home/icb/irene.bonafonte/miniconda3/lib/python3.9/site-packages/threadpoolctl.py", line 515, in _make_module_from_path
    module = module_class(filepath, prefix, user_api, internal_api)
  File "/home/icb/irene.bonafonte/miniconda3/lib/python3.9/site-packages/threadpoolctl.py", line 606, in __init__
    self.version = self.get_version()
  File "/home/icb/irene.bonafonte/miniconda3/lib/python3.9/site-packages/threadpoolctl.py", line 646, in get_version
    config = get_config().split()
AttributeError: 'NoneType' object has no attribute 'split'
Exception ignored on calling ctypes callback function: <function _ThreadpoolInfo._find_modules_with_dl_iterate_phdr.<locals>.match_module_callback at 0x7f365166d310>
Traceback (most recent call last):
  File "/home/icb/irene.bonafonte/miniconda3/lib/python3.9/site-packages/threadpoolctl.py", line 400, in match_module_callback
    self._make_module_from_path(filepath)
  File "/home/icb/irene.bonafonte/miniconda3/lib/python3.9/site-packages/threadpoolctl.py", line 515, in _make_module_from_path
    module = module_class(filepath, prefix, user_api, internal_api)
  File "/home/icb/irene.bonafonte/miniconda3/lib/python3.9/site-packages/threadpoolctl.py", line 606, in __init__
    self.version = self.get_version()
  File "/home/icb/irene.bonafonte/miniconda3/lib/python3.9/site-packages/threadpoolctl.py", line 646, in get_version
    config = get_config().split()
AttributeError: 'NoneType' object has no attribute 'split'
2023-06-16 10:06:26,269 - harmonypy - INFO - sklearn.KMeans initialization complete.
2023-06-16 10:06:30,140 - harmonypy - INFO - Iteration 1 of 10
2023-06-16 10:12:04,909 - harmonypy - INFO - Iteration 2 of 10
2023-06-16 10:14:25,729 - harmonypy - INFO - Converged after 2 iterations
