/home/icb/irene.bonafonte/miniconda3/etc/conda/deactivate.d/deactivate-gxx_linux-64.sh: line 52: sed: command not found
/home/icb/irene.bonafonte/miniconda3/etc/conda/deactivate.d/deactivate-gxx_linux-64.sh: line 53: sed: command not found
/home/icb/irene.bonafonte/miniconda3/etc/conda/deactivate.d/deactivate-gxx_linux-64.sh: line 52: sed: command not found
/home/icb/irene.bonafonte/miniconda3/etc/conda/deactivate.d/deactivate-gxx_linux-64.sh: line 53: sed: command not found
/home/icb/irene.bonafonte/miniconda3/etc/conda/deactivate.d/deactivate-gxx_linux-64.sh: line 52: sed: command not found
/home/icb/irene.bonafonte/miniconda3/etc/conda/deactivate.d/deactivate-gxx_linux-64.sh: line 53: sed: command not found
/home/icb/irene.bonafonte/miniconda3/etc/conda/deactivate.d/deactivate-gxx_linux-64.sh: line 64: tr: command not found
/home/icb/irene.bonafonte/miniconda3/etc/conda/deactivate.d/deactivate-gxx_linux-64.sh: line 64: tr: command not found
/home/icb/irene.bonafonte/miniconda3/etc/conda/deactivate.d/deactivate-gxx_linux-64.sh: line 67: export: `=/home/icb/irene.bonafonte/miniconda3/bin/x86_64-conda-linux-gnu-c++': not a valid identifier
/home/icb/irene.bonafonte/miniconda3/etc/conda/deactivate.d/deactivate-gxx_linux-64.sh: line 52: sed: command not found
/home/icb/irene.bonafonte/miniconda3/etc/conda/deactivate.d/deactivate-gxx_linux-64.sh: line 53: sed: command not found
/home/icb/irene.bonafonte/miniconda3/etc/conda/deactivate.d/deactivate-gxx_linux-64.sh: line 64: tr: command not found
/home/icb/irene.bonafonte/miniconda3/etc/conda/deactivate.d/deactivate-gxx_linux-64.sh: line 67: export: `=/home/icb/irene.bonafonte/miniconda3/bin/x86_64-conda-linux-gnu-g++': not a valid identifier
/home/icb/irene.bonafonte/miniconda3/etc/conda/deactivate.d/deactivate-gxx_linux-64.sh: line 52: sed: command not found
/home/icb/irene.bonafonte/miniconda3/etc/conda/deactivate.d/deactivate-gxx_linux-64.sh: line 53: sed: command not found
/home/icb/irene.bonafonte/miniconda3/etc/conda/deactivate.d/deactivate-gxx_linux-64.sh: line 64: tr: command not found
/home/icb/irene.bonafonte/miniconda3/etc/conda/deactivate.d/deactivate-gxx_linux-64.sh: line 52: sed: command not found
/home/icb/irene.bonafonte/miniconda3/etc/conda/deactivate.d/deactivate-gxx_linux-64.sh: line 53: sed: command not found
/home/icb/irene.bonafonte/miniconda3/etc/conda/deactivate.d/deactivate-gxx_linux-64.sh: line 64: tr: command not found
/home/icb/irene.bonafonte/miniconda3/etc/conda/deactivate.d/deactivate-gfortran_linux-64.sh: line 52: sed: command not found
/home/icb/irene.bonafonte/miniconda3/etc/conda/deactivate.d/deactivate-gfortran_linux-64.sh: line 53: sed: command not found
/home/icb/irene.bonafonte/miniconda3/etc/conda/deactivate.d/deactivate-gfortran_linux-64.sh: line 52: sed: command not found
/home/icb/irene.bonafonte/miniconda3/etc/conda/deactivate.d/deactivate-gfortran_linux-64.sh: line 53: sed: command not found
/home/icb/irene.bonafonte/miniconda3/etc/conda/deactivate.d/deactivate-gfortran_linux-64.sh: line 52: sed: command not found
/home/icb/irene.bonafonte/miniconda3/etc/conda/deactivate.d/deactivate-gfortran_linux-64.sh: line 53: sed: command not found
/home/icb/irene.bonafonte/miniconda3/etc/conda/deactivate.d/deactivate-gfortran_linux-64.sh: line 52: sed: command not found
/home/icb/irene.bonafonte/miniconda3/etc/conda/deactivate.d/deactivate-gfortran_linux-64.sh: line 53: sed: command not found
/home/icb/irene.bonafonte/miniconda3/etc/conda/deactivate.d/deactivate-gfortran_linux-64.sh: line 64: tr: command not found
/home/icb/irene.bonafonte/miniconda3/etc/conda/deactivate.d/deactivate-gfortran_linux-64.sh: line 64: tr: command not found
/home/icb/irene.bonafonte/miniconda3/etc/conda/deactivate.d/deactivate-gfortran_linux-64.sh: line 67: export: `=/home/icb/irene.bonafonte/miniconda3/bin/x86_64-conda-linux-gnu-gfortran': not a valid identifier
/home/icb/irene.bonafonte/miniconda3/etc/conda/deactivate.d/deactivate-gfortran_linux-64.sh: line 52: sed: command not found
/home/icb/irene.bonafonte/miniconda3/etc/conda/deactivate.d/deactivate-gfortran_linux-64.sh: line 53: sed: command not found
/home/icb/irene.bonafonte/miniconda3/etc/conda/deactivate.d/deactivate-gfortran_linux-64.sh: line 64: tr: command not found
/home/icb/irene.bonafonte/miniconda3/etc/conda/deactivate.d/deactivate-gfortran_linux-64.sh: line 67: export: `=/home/icb/irene.bonafonte/miniconda3/bin/x86_64-conda-linux-gnu-f95': not a valid identifier
/home/icb/irene.bonafonte/miniconda3/etc/conda/deactivate.d/deactivate-gfortran_linux-64.sh: line 52: sed: command not found
/home/icb/irene.bonafonte/miniconda3/etc/conda/deactivate.d/deactivate-gfortran_linux-64.sh: line 53: sed: command not found
/home/icb/irene.bonafonte/miniconda3/etc/conda/deactivate.d/deactivate-gfortran_linux-64.sh: line 64: tr: command not found
/home/icb/irene.bonafonte/miniconda3/etc/conda/deactivate.d/deactivate-gfortran_linux-64.sh: line 52: sed: command not found
/home/icb/irene.bonafonte/miniconda3/etc/conda/deactivate.d/deactivate-gfortran_linux-64.sh: line 53: sed: command not found
/home/icb/irene.bonafonte/miniconda3/etc/conda/deactivate.d/deactivate-gfortran_linux-64.sh: line 64: tr: command not found
/home/icb/irene.bonafonte/miniconda3/etc/conda/deactivate.d/deactivate-gfortran_linux-64.sh: line 52: sed: command not found
/home/icb/irene.bonafonte/miniconda3/etc/conda/deactivate.d/deactivate-gfortran_linux-64.sh: line 53: sed: command not found
/home/icb/irene.bonafonte/miniconda3/etc/conda/deactivate.d/deactivate-gfortran_linux-64.sh: line 64: tr: command not found
/home/icb/irene.bonafonte/miniconda3/etc/conda/deactivate.d/deactivate-gfortran_linux-64.sh: line 52: sed: command not found
/home/icb/irene.bonafonte/miniconda3/etc/conda/deactivate.d/deactivate-gfortran_linux-64.sh: line 53: sed: command not found
/home/icb/irene.bonafonte/miniconda3/etc/conda/deactivate.d/deactivate-gfortran_linux-64.sh: line 52: sed: command not found
/home/icb/irene.bonafonte/miniconda3/etc/conda/deactivate.d/deactivate-gfortran_linux-64.sh: line 53: sed: command not found
/home/icb/irene.bonafonte/miniconda3/etc/conda/deactivate.d/deactivate-gfortran_linux-64.sh: line 52: sed: command not found
/home/icb/irene.bonafonte/miniconda3/etc/conda/deactivate.d/deactivate-gfortran_linux-64.sh: line 53: sed: command not found
/home/icb/irene.bonafonte/miniconda3/etc/conda/deactivate.d/deactivate-gfortran_linux-64.sh: line 52: sed: command not found
/home/icb/irene.bonafonte/miniconda3/etc/conda/deactivate.d/deactivate-gfortran_linux-64.sh: line 53: sed: command not found
/home/icb/irene.bonafonte/miniconda3/etc/conda/deactivate.d/deactivate-gfortran_linux-64.sh: line 64: tr: command not found
/home/icb/irene.bonafonte/miniconda3/etc/conda/deactivate.d/deactivate-gfortran_linux-64.sh: line 52: sed: command not found
/home/icb/irene.bonafonte/miniconda3/etc/conda/deactivate.d/deactivate-gfortran_linux-64.sh: line 53: sed: command not found
/home/icb/irene.bonafonte/miniconda3/etc/conda/deactivate.d/deactivate-gfortran_linux-64.sh: line 64: tr: command not found
/home/icb/irene.bonafonte/miniconda3/etc/conda/deactivate.d/deactivate-gfortran_linux-64.sh: line 52: sed: command not found
/home/icb/irene.bonafonte/miniconda3/etc/conda/deactivate.d/deactivate-gfortran_linux-64.sh: line 53: sed: command not found
/home/icb/irene.bonafonte/miniconda3/etc/conda/deactivate.d/deactivate-gfortran_linux-64.sh: line 64: tr: command not found
/home/icb/irene.bonafonte/miniconda3/etc/conda/deactivate.d/deactivate-gcc_linux-64.sh: line 52: sed: command not found
/home/icb/irene.bonafonte/miniconda3/etc/conda/deactivate.d/deactivate-gcc_linux-64.sh: line 53: sed: command not found
/home/icb/irene.bonafonte/miniconda3/etc/conda/deactivate.d/deactivate-gcc_linux-64.sh: line 52: sed: command not found
/home/icb/irene.bonafonte/miniconda3/etc/conda/deactivate.d/deactivate-gcc_linux-64.sh: line 53: sed: command not found
/home/icb/irene.bonafonte/miniconda3/etc/conda/deactivate.d/deactivate-gcc_linux-64.sh: line 57: tr: command not found
/home/icb/irene.bonafonte/miniconda3/etc/conda/deactivate.d/deactivate-gcc_linux-64.sh: line 57: tr: command not found
/home/icb/irene.bonafonte/miniconda3/etc/conda/deactivate.d/deactivate-gcc_linux-64.sh: line 57: tr: command not found
/home/icb/irene.bonafonte/miniconda3/etc/conda/deactivate.d/deactivate-gcc_linux-64.sh: line 57: tr: command not found
/home/icb/irene.bonafonte/miniconda3/etc/conda/deactivate.d/deactivate-gcc_linux-64.sh: line 57: tr: command not found
/home/icb/irene.bonafonte/miniconda3/etc/conda/deactivate.d/deactivate-gcc_linux-64.sh: line 57: tr: command not found
/home/icb/irene.bonafonte/miniconda3/etc/conda/deactivate.d/deactivate-gcc_linux-64.sh: line 52: sed: command not found
/home/icb/irene.bonafonte/miniconda3/etc/conda/deactivate.d/deactivate-gcc_linux-64.sh: line 53: sed: command not found
/home/icb/irene.bonafonte/miniconda3/etc/conda/deactivate.d/deactivate-gcc_linux-64.sh: line 52: sed: command not found
/home/icb/irene.bonafonte/miniconda3/etc/conda/deactivate.d/deactivate-gcc_linux-64.sh: line 53: sed: command not found
/home/icb/irene.bonafonte/miniconda3/etc/conda/deactivate.d/deactivate-gcc_linux-64.sh: line 52: sed: command not found
/home/icb/irene.bonafonte/miniconda3/etc/conda/deactivate.d/deactivate-gcc_linux-64.sh: line 53: sed: command not found
/home/icb/irene.bonafonte/miniconda3/etc/conda/deactivate.d/deactivate-gcc_linux-64.sh: line 52: sed: command not found
/home/icb/irene.bonafonte/miniconda3/etc/conda/deactivate.d/deactivate-gcc_linux-64.sh: line 53: sed: command not found
/home/icb/irene.bonafonte/miniconda3/etc/conda/deactivate.d/deactivate-gcc_linux-64.sh: line 52: sed: command not found
/home/icb/irene.bonafonte/miniconda3/etc/conda/deactivate.d/deactivate-gcc_linux-64.sh: line 53: sed: command not found
/home/icb/irene.bonafonte/miniconda3/etc/conda/deactivate.d/deactivate-gcc_linux-64.sh: line 52: sed: command not found
/home/icb/irene.bonafonte/miniconda3/etc/conda/deactivate.d/deactivate-gcc_linux-64.sh: line 53: sed: command not found
/home/icb/irene.bonafonte/miniconda3/etc/conda/deactivate.d/deactivate-gcc_linux-64.sh: line 52: sed: command not found
/home/icb/irene.bonafonte/miniconda3/etc/conda/deactivate.d/deactivate-gcc_linux-64.sh: line 53: sed: command not found
/home/icb/irene.bonafonte/miniconda3/etc/conda/deactivate.d/deactivate-gcc_linux-64.sh: line 52: sed: command not found
/home/icb/irene.bonafonte/miniconda3/etc/conda/deactivate.d/deactivate-gcc_linux-64.sh: line 53: sed: command not found
/home/icb/irene.bonafonte/miniconda3/etc/conda/deactivate.d/deactivate-gcc_linux-64.sh: line 52: sed: command not found
/home/icb/irene.bonafonte/miniconda3/etc/conda/deactivate.d/deactivate-gcc_linux-64.sh: line 53: sed: command not found
/home/icb/irene.bonafonte/miniconda3/etc/conda/deactivate.d/deactivate-gcc_linux-64.sh: line 52: sed: command not found
/home/icb/irene.bonafonte/miniconda3/etc/conda/deactivate.d/deactivate-gcc_linux-64.sh: line 53: sed: command not found
/home/icb/irene.bonafonte/miniconda3/etc/conda/deactivate.d/deactivate-gcc_linux-64.sh: line 52: sed: command not found
/home/icb/irene.bonafonte/miniconda3/etc/conda/deactivate.d/deactivate-gcc_linux-64.sh: line 53: sed: command not found
/home/icb/irene.bonafonte/miniconda3/etc/conda/deactivate.d/deactivate-gcc_linux-64.sh: line 52: sed: command not found
/home/icb/irene.bonafonte/miniconda3/etc/conda/deactivate.d/deactivate-gcc_linux-64.sh: line 53: sed: command not found
/home/icb/irene.bonafonte/miniconda3/etc/conda/deactivate.d/deactivate-gcc_linux-64.sh: line 52: sed: command not found
/home/icb/irene.bonafonte/miniconda3/etc/conda/deactivate.d/deactivate-gcc_linux-64.sh: line 53: sed: command not found
/home/icb/irene.bonafonte/miniconda3/etc/conda/deactivate.d/deactivate-gcc_linux-64.sh: line 52: sed: command not found
/home/icb/irene.bonafonte/miniconda3/etc/conda/deactivate.d/deactivate-gcc_linux-64.sh: line 53: sed: command not found
/home/icb/irene.bonafonte/miniconda3/etc/conda/deactivate.d/deactivate-gcc_linux-64.sh: line 52: sed: command not found
/home/icb/irene.bonafonte/miniconda3/etc/conda/deactivate.d/deactivate-gcc_linux-64.sh: line 53: sed: command not found
/home/icb/irene.bonafonte/miniconda3/etc/conda/deactivate.d/deactivate-gcc_linux-64.sh: line 57: tr: command not found
/home/icb/irene.bonafonte/miniconda3/etc/conda/deactivate.d/deactivate-gcc_linux-64.sh: line 57: tr: command not found
/home/icb/irene.bonafonte/miniconda3/etc/conda/deactivate.d/deactivate-gcc_linux-64.sh: line 67: export: `=/home/icb/irene.bonafonte/miniconda3/bin/x86_64-conda-linux-gnu-cc': not a valid identifier
/home/icb/irene.bonafonte/miniconda3/etc/conda/deactivate.d/deactivate-gcc_linux-64.sh: line 57: tr: command not found
/home/icb/irene.bonafonte/miniconda3/etc/conda/deactivate.d/deactivate-gcc_linux-64.sh: line 67: export: `=/home/icb/irene.bonafonte/miniconda3/bin/x86_64-conda-linux-gnu-cpp': not a valid identifier
/home/icb/irene.bonafonte/miniconda3/etc/conda/deactivate.d/deactivate-gcc_linux-64.sh: line 57: tr: command not found
/home/icb/irene.bonafonte/miniconda3/etc/conda/deactivate.d/deactivate-gcc_linux-64.sh: line 67: export: `=/home/icb/irene.bonafonte/miniconda3/bin/x86_64-conda-linux-gnu-gcc': not a valid identifier
/home/icb/irene.bonafonte/miniconda3/etc/conda/deactivate.d/deactivate-gcc_linux-64.sh: line 57: tr: command not found
/home/icb/irene.bonafonte/miniconda3/etc/conda/deactivate.d/deactivate-gcc_linux-64.sh: line 67: export: `=/home/icb/irene.bonafonte/miniconda3/bin/x86_64-conda-linux-gnu-gcc-ar': not a valid identifier
/home/icb/irene.bonafonte/miniconda3/etc/conda/deactivate.d/deactivate-gcc_linux-64.sh: line 57: tr: command not found
/home/icb/irene.bonafonte/miniconda3/etc/conda/deactivate.d/deactivate-gcc_linux-64.sh: line 67: export: `=/home/icb/irene.bonafonte/miniconda3/bin/x86_64-conda-linux-gnu-gcc-nm': not a valid identifier
/home/icb/irene.bonafonte/miniconda3/etc/conda/deactivate.d/deactivate-gcc_linux-64.sh: line 52: sed: command not found
/home/icb/irene.bonafonte/miniconda3/etc/conda/deactivate.d/deactivate-gcc_linux-64.sh: line 53: sed: command not found
/home/icb/irene.bonafonte/miniconda3/etc/conda/deactivate.d/deactivate-gcc_linux-64.sh: line 67: export: `=/home/icb/irene.bonafonte/miniconda3/bin/x86_64-conda-linux-gnu-gcc-ranlib': not a valid identifier
/home/icb/irene.bonafonte/miniconda3/etc/conda/deactivate.d/deactivate-gcc_linux-64.sh: line 52: sed: command not found
/home/icb/irene.bonafonte/miniconda3/etc/conda/deactivate.d/deactivate-gcc_linux-64.sh: line 53: sed: command not found
/home/icb/irene.bonafonte/miniconda3/etc/conda/deactivate.d/deactivate-gcc_linux-64.sh: line 52: sed: command not found
/home/icb/irene.bonafonte/miniconda3/etc/conda/deactivate.d/deactivate-gcc_linux-64.sh: line 53: sed: command not found
/home/icb/irene.bonafonte/miniconda3/etc/conda/deactivate.d/deactivate-gcc_linux-64.sh: line 52: sed: command not found
/home/icb/irene.bonafonte/miniconda3/etc/conda/deactivate.d/deactivate-gcc_linux-64.sh: line 53: sed: command not found
/home/icb/irene.bonafonte/miniconda3/etc/conda/deactivate.d/deactivate-gcc_linux-64.sh: line 52: sed: command not found
/home/icb/irene.bonafonte/miniconda3/etc/conda/deactivate.d/deactivate-gcc_linux-64.sh: line 53: sed: command not found
/home/icb/irene.bonafonte/miniconda3/etc/conda/deactivate.d/deactivate-gcc_linux-64.sh: line 52: sed: command not found
/home/icb/irene.bonafonte/miniconda3/etc/conda/deactivate.d/deactivate-gcc_linux-64.sh: line 53: sed: command not found
/home/icb/irene.bonafonte/miniconda3/etc/conda/deactivate.d/deactivate-gcc_linux-64.sh: line 52: sed: command not found
/home/icb/irene.bonafonte/miniconda3/etc/conda/deactivate.d/deactivate-gcc_linux-64.sh: line 53: sed: command not found
/home/icb/irene.bonafonte/miniconda3/etc/conda/deactivate.d/deactivate-gcc_linux-64.sh: line 52: sed: command not found
/home/icb/irene.bonafonte/miniconda3/etc/conda/deactivate.d/deactivate-gcc_linux-64.sh: line 53: sed: command not found
/home/icb/irene.bonafonte/miniconda3/etc/conda/deactivate.d/deactivate-gcc_linux-64.sh: line 52: sed: command not found
/home/icb/irene.bonafonte/miniconda3/etc/conda/deactivate.d/deactivate-gcc_linux-64.sh: line 53: sed: command not found
/home/icb/irene.bonafonte/miniconda3/etc/conda/deactivate.d/deactivate-gcc_linux-64.sh: line 52: sed: command not found
/home/icb/irene.bonafonte/miniconda3/etc/conda/deactivate.d/deactivate-gcc_linux-64.sh: line 53: sed: command not found
/home/icb/irene.bonafonte/miniconda3/etc/conda/deactivate.d/deactivate-gcc_linux-64.sh: line 52: sed: command not found
/home/icb/irene.bonafonte/miniconda3/etc/conda/deactivate.d/deactivate-gcc_linux-64.sh: line 53: sed: command not found
/home/icb/irene.bonafonte/miniconda3/etc/conda/deactivate.d/deactivate-gcc_linux-64.sh: line 52: sed: command not found
/home/icb/irene.bonafonte/miniconda3/etc/conda/deactivate.d/deactivate-gcc_linux-64.sh: line 53: sed: command not found
/home/icb/irene.bonafonte/miniconda3/etc/conda/deactivate.d/deactivate-gcc_linux-64.sh: line 52: sed: command not found
/home/icb/irene.bonafonte/miniconda3/etc/conda/deactivate.d/deactivate-gcc_linux-64.sh: line 53: sed: command not found
/home/icb/irene.bonafonte/miniconda3/etc/conda/deactivate.d/deactivate-binutils_linux-64.sh: line 90: grep: command not found
/home/icb/irene.bonafonte/miniconda3/etc/conda/deactivate.d/deactivate-binutils_linux-64.sh: line 64: tr: command not found
/home/icb/irene.bonafonte/miniconda3/etc/conda/deactivate.d/deactivate-binutils_linux-64.sh: line 64: tr: command not found
/home/icb/irene.bonafonte/miniconda3/etc/conda/deactivate.d/deactivate-binutils_linux-64.sh: line 67: export: `=/home/icb/irene.bonafonte/miniconda3/bin/x86_64-conda-linux-gnu-addr2line': not a valid identifier
/home/icb/irene.bonafonte/miniconda3/etc/conda/deactivate.d/deactivate-binutils_linux-64.sh: line 64: tr: command not found
/home/icb/irene.bonafonte/miniconda3/etc/conda/deactivate.d/deactivate-binutils_linux-64.sh: line 67: export: `=/home/icb/irene.bonafonte/miniconda3/bin/x86_64-conda-linux-gnu-ar': not a valid identifier
/home/icb/irene.bonafonte/miniconda3/etc/conda/deactivate.d/deactivate-binutils_linux-64.sh: line 64: tr: command not found
/home/icb/irene.bonafonte/miniconda3/etc/conda/deactivate.d/deactivate-binutils_linux-64.sh: line 67: export: `=/home/icb/irene.bonafonte/miniconda3/bin/x86_64-conda-linux-gnu-as': not a valid identifier
/home/icb/irene.bonafonte/miniconda3/etc/conda/deactivate.d/deactivate-binutils_linux-64.sh: line 64: tr: command not found
/home/icb/irene.bonafonte/miniconda3/etc/conda/deactivate.d/deactivate-binutils_linux-64.sh: line 67: export: `=/home/icb/irene.bonafonte/miniconda3/bin/x86_64-conda-linux-gnu-c++filt': not a valid identifier
/home/icb/irene.bonafonte/miniconda3/etc/conda/deactivate.d/deactivate-binutils_linux-64.sh: line 64: tr: command not found
/home/icb/irene.bonafonte/miniconda3/etc/conda/deactivate.d/deactivate-binutils_linux-64.sh: line 67: export: `=/home/icb/irene.bonafonte/miniconda3/bin/x86_64-conda-linux-gnu-elfedit': not a valid identifier
/home/icb/irene.bonafonte/miniconda3/etc/conda/deactivate.d/deactivate-binutils_linux-64.sh: line 64: tr: command not found
/home/icb/irene.bonafonte/miniconda3/etc/conda/deactivate.d/deactivate-binutils_linux-64.sh: line 67: export: `=/home/icb/irene.bonafonte/miniconda3/bin/x86_64-conda-linux-gnu-gprof': not a valid identifier
/home/icb/irene.bonafonte/miniconda3/etc/conda/deactivate.d/deactivate-binutils_linux-64.sh: line 64: tr: command not found
/home/icb/irene.bonafonte/miniconda3/etc/conda/deactivate.d/deactivate-binutils_linux-64.sh: line 67: export: `=/home/icb/irene.bonafonte/miniconda3/bin/x86_64-conda-linux-gnu-ld': not a valid identifier
/home/icb/irene.bonafonte/miniconda3/etc/conda/deactivate.d/deactivate-binutils_linux-64.sh: line 64: tr: command not found
/home/icb/irene.bonafonte/miniconda3/etc/conda/deactivate.d/deactivate-binutils_linux-64.sh: line 67: export: `=/home/icb/irene.bonafonte/miniconda3/bin/x86_64-conda-linux-gnu-ld.gold': not a valid identifier
/home/icb/irene.bonafonte/miniconda3/etc/conda/deactivate.d/deactivate-binutils_linux-64.sh: line 64: tr: command not found
/home/icb/irene.bonafonte/miniconda3/etc/conda/deactivate.d/deactivate-binutils_linux-64.sh: line 67: export: `=/home/icb/irene.bonafonte/miniconda3/bin/x86_64-conda-linux-gnu-nm': not a valid identifier
/home/icb/irene.bonafonte/miniconda3/etc/conda/deactivate.d/deactivate-binutils_linux-64.sh: line 64: tr: command not found
/home/icb/irene.bonafonte/miniconda3/etc/conda/deactivate.d/deactivate-binutils_linux-64.sh: line 67: export: `=/home/icb/irene.bonafonte/miniconda3/bin/x86_64-conda-linux-gnu-objcopy': not a valid identifier
/home/icb/irene.bonafonte/miniconda3/etc/conda/deactivate.d/deactivate-binutils_linux-64.sh: line 64: tr: command not found
/home/icb/irene.bonafonte/miniconda3/etc/conda/deactivate.d/deactivate-binutils_linux-64.sh: line 67: export: `=/home/icb/irene.bonafonte/miniconda3/bin/x86_64-conda-linux-gnu-objdump': not a valid identifier
/home/icb/irene.bonafonte/miniconda3/etc/conda/deactivate.d/deactivate-binutils_linux-64.sh: line 64: tr: command not found
/home/icb/irene.bonafonte/miniconda3/etc/conda/deactivate.d/deactivate-binutils_linux-64.sh: line 67: export: `=/home/icb/irene.bonafonte/miniconda3/bin/x86_64-conda-linux-gnu-ranlib': not a valid identifier
/home/icb/irene.bonafonte/miniconda3/etc/conda/deactivate.d/deactivate-binutils_linux-64.sh: line 64: tr: command not found
/home/icb/irene.bonafonte/miniconda3/etc/conda/deactivate.d/deactivate-binutils_linux-64.sh: line 67: export: `=/home/icb/irene.bonafonte/miniconda3/bin/x86_64-conda-linux-gnu-readelf': not a valid identifier
/home/icb/irene.bonafonte/miniconda3/etc/conda/deactivate.d/deactivate-binutils_linux-64.sh: line 64: tr: command not found
/home/icb/irene.bonafonte/miniconda3/etc/conda/deactivate.d/deactivate-binutils_linux-64.sh: line 67: export: `=/home/icb/irene.bonafonte/miniconda3/bin/x86_64-conda-linux-gnu-size': not a valid identifier
/home/icb/irene.bonafonte/miniconda3/etc/conda/deactivate.d/deactivate-binutils_linux-64.sh: line 64: tr: command not found
/home/icb/irene.bonafonte/miniconda3/etc/conda/deactivate.d/deactivate-binutils_linux-64.sh: line 67: export: `=/home/icb/irene.bonafonte/miniconda3/bin/x86_64-conda-linux-gnu-strings': not a valid identifier
/home/icb/irene.bonafonte/miniconda3/etc/conda/activate.d/activate-binutils_linux-64.sh: line 90: grep: command not found
/home/icb/irene.bonafonte/miniconda3/etc/conda/activate.d/activate-binutils_linux-64.sh: line 93: grep: command not found
/home/icb/irene.bonafonte/miniconda3/etc/conda/activate.d/activate-binutils_linux-64.sh: line 64: tr: command not found
/home/icb/irene.bonafonte/miniconda3/etc/conda/activate.d/activate-binutils_linux-64.sh: line 72: export: `=/home/icb/irene.bonafonte/miniconda3/bin/x86_64-conda-linux-gnu-addr2line': not a valid identifier
/home/icb/irene.bonafonte/miniconda3/etc/conda/activate.d/activate-binutils_linux-64.sh: line 64: tr: command not found
/home/icb/irene.bonafonte/miniconda3/etc/conda/activate.d/activate-binutils_linux-64.sh: line 72: export: `=/home/icb/irene.bonafonte/miniconda3/bin/x86_64-conda-linux-gnu-ar': not a valid identifier
/home/icb/irene.bonafonte/miniconda3/etc/conda/activate.d/activate-binutils_linux-64.sh: line 64: tr: command not found
/home/icb/irene.bonafonte/miniconda3/etc/conda/activate.d/activate-binutils_linux-64.sh: line 72: export: `=/home/icb/irene.bonafonte/miniconda3/bin/x86_64-conda-linux-gnu-as': not a valid identifier
/home/icb/irene.bonafonte/miniconda3/etc/conda/activate.d/activate-binutils_linux-64.sh: line 64: tr: command not found
/home/icb/irene.bonafonte/miniconda3/etc/conda/activate.d/activate-binutils_linux-64.sh: line 72: export: `=/home/icb/irene.bonafonte/miniconda3/bin/x86_64-conda-linux-gnu-c++filt': not a valid identifier
/home/icb/irene.bonafonte/miniconda3/etc/conda/activate.d/activate-binutils_linux-64.sh: line 64: tr: command not found
/home/icb/irene.bonafonte/miniconda3/etc/conda/activate.d/activate-binutils_linux-64.sh: line 72: export: `=/home/icb/irene.bonafonte/miniconda3/bin/x86_64-conda-linux-gnu-elfedit': not a valid identifier
/home/icb/irene.bonafonte/miniconda3/etc/conda/activate.d/activate-binutils_linux-64.sh: line 64: tr: command not found
/home/icb/irene.bonafonte/miniconda3/etc/conda/activate.d/activate-binutils_linux-64.sh: line 72: export: `=/home/icb/irene.bonafonte/miniconda3/bin/x86_64-conda-linux-gnu-gprof': not a valid identifier
/home/icb/irene.bonafonte/miniconda3/etc/conda/activate.d/activate-binutils_linux-64.sh: line 64: tr: command not found
/home/icb/irene.bonafonte/miniconda3/etc/conda/activate.d/activate-binutils_linux-64.sh: line 72: export: `=/home/icb/irene.bonafonte/miniconda3/bin/x86_64-conda-linux-gnu-ld': not a valid identifier
/home/icb/irene.bonafonte/miniconda3/etc/conda/activate.d/activate-binutils_linux-64.sh: line 64: tr: command not found
/home/icb/irene.bonafonte/miniconda3/etc/conda/activate.d/activate-binutils_linux-64.sh: line 72: export: `=/home/icb/irene.bonafonte/miniconda3/bin/x86_64-conda-linux-gnu-ld.gold': not a valid identifier
/home/icb/irene.bonafonte/miniconda3/etc/conda/activate.d/activate-binutils_linux-64.sh: line 64: tr: command not found
/home/icb/irene.bonafonte/miniconda3/etc/conda/activate.d/activate-binutils_linux-64.sh: line 72: export: `=/home/icb/irene.bonafonte/miniconda3/bin/x86_64-conda-linux-gnu-nm': not a valid identifier
/home/icb/irene.bonafonte/miniconda3/etc/conda/activate.d/activate-binutils_linux-64.sh: line 64: tr: command not found
/home/icb/irene.bonafonte/miniconda3/etc/conda/activate.d/activate-binutils_linux-64.sh: line 72: export: `=/home/icb/irene.bonafonte/miniconda3/bin/x86_64-conda-linux-gnu-objcopy': not a valid identifier
/home/icb/irene.bonafonte/miniconda3/etc/conda/activate.d/activate-binutils_linux-64.sh: line 64: tr: command not found
/home/icb/irene.bonafonte/miniconda3/etc/conda/activate.d/activate-binutils_linux-64.sh: line 72: export: `=/home/icb/irene.bonafonte/miniconda3/bin/x86_64-conda-linux-gnu-objdump': not a valid identifier
/home/icb/irene.bonafonte/miniconda3/etc/conda/activate.d/activate-binutils_linux-64.sh: line 64: tr: command not found
/home/icb/irene.bonafonte/miniconda3/etc/conda/activate.d/activate-binutils_linux-64.sh: line 72: export: `=/home/icb/irene.bonafonte/miniconda3/bin/x86_64-conda-linux-gnu-ranlib': not a valid identifier
/home/icb/irene.bonafonte/miniconda3/etc/conda/activate.d/activate-binutils_linux-64.sh: line 64: tr: command not found
/home/icb/irene.bonafonte/miniconda3/etc/conda/activate.d/activate-binutils_linux-64.sh: line 72: export: `=/home/icb/irene.bonafonte/miniconda3/bin/x86_64-conda-linux-gnu-readelf': not a valid identifier
/home/icb/irene.bonafonte/miniconda3/etc/conda/activate.d/activate-binutils_linux-64.sh: line 64: tr: command not found
/home/icb/irene.bonafonte/miniconda3/etc/conda/activate.d/activate-binutils_linux-64.sh: line 72: export: `=/home/icb/irene.bonafonte/miniconda3/bin/x86_64-conda-linux-gnu-size': not a valid identifier
/home/icb/irene.bonafonte/miniconda3/etc/conda/activate.d/activate-binutils_linux-64.sh: line 64: tr: command not found
/home/icb/irene.bonafonte/miniconda3/etc/conda/activate.d/activate-binutils_linux-64.sh: line 72: export: `=/home/icb/irene.bonafonte/miniconda3/bin/x86_64-conda-linux-gnu-strings': not a valid identifier
/home/icb/irene.bonafonte/miniconda3/etc/conda/activate.d/activate-binutils_linux-64.sh: line 64: tr: command not found
/home/icb/irene.bonafonte/miniconda3/etc/conda/activate.d/activate-binutils_linux-64.sh: line 72: export: `=/home/icb/irene.bonafonte/miniconda3/bin/x86_64-conda-linux-gnu-strip': not a valid identifier
/home/icb/irene.bonafonte/miniconda3/etc/conda/activate.d/activate-gcc_linux-64.sh: line 52: sed: command not found
/home/icb/irene.bonafonte/miniconda3/etc/conda/activate.d/activate-gcc_linux-64.sh: line 53: sed: command not found
/home/icb/irene.bonafonte/miniconda3/etc/conda/activate.d/activate-gcc_linux-64.sh: line 52: sed: command not found
/home/icb/irene.bonafonte/miniconda3/etc/conda/activate.d/activate-gcc_linux-64.sh: line 53: sed: command not found
/home/icb/irene.bonafonte/miniconda3/etc/conda/activate.d/activate-gcc_linux-64.sh: line 57: tr: command not found
/home/icb/irene.bonafonte/miniconda3/etc/conda/activate.d/activate-gcc_linux-64.sh: line 57: tr: command not found
/home/icb/irene.bonafonte/miniconda3/etc/conda/activate.d/activate-gcc_linux-64.sh: line 57: tr: command not found
/home/icb/irene.bonafonte/miniconda3/etc/conda/activate.d/activate-gcc_linux-64.sh: line 57: tr: command not found
/home/icb/irene.bonafonte/miniconda3/etc/conda/activate.d/activate-gcc_linux-64.sh: line 57: tr: command not found
/home/icb/irene.bonafonte/miniconda3/etc/conda/activate.d/activate-gcc_linux-64.sh: line 57: tr: command not found
/home/icb/irene.bonafonte/miniconda3/etc/conda/activate.d/activate-gcc_linux-64.sh: line 52: sed: command not found
/home/icb/irene.bonafonte/miniconda3/etc/conda/activate.d/activate-gcc_linux-64.sh: line 53: sed: command not found
/home/icb/irene.bonafonte/miniconda3/etc/conda/activate.d/activate-gcc_linux-64.sh: line 52: sed: command not found
/home/icb/irene.bonafonte/miniconda3/etc/conda/activate.d/activate-gcc_linux-64.sh: line 53: sed: command not found
/home/icb/irene.bonafonte/miniconda3/etc/conda/activate.d/activate-gcc_linux-64.sh: line 52: sed: command not found
/home/icb/irene.bonafonte/miniconda3/etc/conda/activate.d/activate-gcc_linux-64.sh: line 53: sed: command not found
/home/icb/irene.bonafonte/miniconda3/etc/conda/activate.d/activate-gcc_linux-64.sh: line 52: sed: command not found
/home/icb/irene.bonafonte/miniconda3/etc/conda/activate.d/activate-gcc_linux-64.sh: line 53: sed: command not found
/home/icb/irene.bonafonte/miniconda3/etc/conda/activate.d/activate-gcc_linux-64.sh: line 52: sed: command not found
/home/icb/irene.bonafonte/miniconda3/etc/conda/activate.d/activate-gcc_linux-64.sh: line 53: sed: command not found
/home/icb/irene.bonafonte/miniconda3/etc/conda/activate.d/activate-gcc_linux-64.sh: line 52: sed: command not found
/home/icb/irene.bonafonte/miniconda3/etc/conda/activate.d/activate-gcc_linux-64.sh: line 53: sed: command not found
/home/icb/irene.bonafonte/miniconda3/etc/conda/activate.d/activate-gcc_linux-64.sh: line 52: sed: command not found
/home/icb/irene.bonafonte/miniconda3/etc/conda/activate.d/activate-gcc_linux-64.sh: line 53: sed: command not found
/home/icb/irene.bonafonte/miniconda3/etc/conda/activate.d/activate-gcc_linux-64.sh: line 52: sed: command not found
/home/icb/irene.bonafonte/miniconda3/etc/conda/activate.d/activate-gcc_linux-64.sh: line 53: sed: command not found
/home/icb/irene.bonafonte/miniconda3/etc/conda/activate.d/activate-gcc_linux-64.sh: line 52: sed: command not found
/home/icb/irene.bonafonte/miniconda3/etc/conda/activate.d/activate-gcc_linux-64.sh: line 53: sed: command not found
/home/icb/irene.bonafonte/miniconda3/etc/conda/activate.d/activate-gcc_linux-64.sh: line 52: sed: command not found
/home/icb/irene.bonafonte/miniconda3/etc/conda/activate.d/activate-gcc_linux-64.sh: line 53: sed: command not found
/home/icb/irene.bonafonte/miniconda3/etc/conda/activate.d/activate-gcc_linux-64.sh: line 52: sed: command not found
/home/icb/irene.bonafonte/miniconda3/etc/conda/activate.d/activate-gcc_linux-64.sh: line 53: sed: command not found
/home/icb/irene.bonafonte/miniconda3/etc/conda/activate.d/activate-gcc_linux-64.sh: line 52: sed: command not found
/home/icb/irene.bonafonte/miniconda3/etc/conda/activate.d/activate-gcc_linux-64.sh: line 53: sed: command not found
/home/icb/irene.bonafonte/miniconda3/etc/conda/activate.d/activate-gcc_linux-64.sh: line 52: sed: command not found
/home/icb/irene.bonafonte/miniconda3/etc/conda/activate.d/activate-gcc_linux-64.sh: line 53: sed: command not found
/home/icb/irene.bonafonte/miniconda3/etc/conda/activate.d/activate-gcc_linux-64.sh: line 52: sed: command not found
/home/icb/irene.bonafonte/miniconda3/etc/conda/activate.d/activate-gcc_linux-64.sh: line 53: sed: command not found
/home/icb/irene.bonafonte/miniconda3/etc/conda/activate.d/activate-gcc_linux-64.sh: line 52: sed: command not found
/home/icb/irene.bonafonte/miniconda3/etc/conda/activate.d/activate-gcc_linux-64.sh: line 53: sed: command not found
/home/icb/irene.bonafonte/miniconda3/etc/conda/activate.d/activate-gcc_linux-64.sh: line 57: tr: command not found
/home/icb/irene.bonafonte/miniconda3/etc/conda/activate.d/activate-gcc_linux-64.sh: line 72: export: `=/home/icb/irene.bonafonte/miniconda3/bin/x86_64-conda-linux-gnu-cc': not a valid identifier
/home/icb/irene.bonafonte/miniconda3/etc/conda/activate.d/activate-gcc_linux-64.sh: line 57: tr: command not found
/home/icb/irene.bonafonte/miniconda3/etc/conda/activate.d/activate-gcc_linux-64.sh: line 72: export: `=/home/icb/irene.bonafonte/miniconda3/bin/x86_64-conda-linux-gnu-cpp': not a valid identifier
/home/icb/irene.bonafonte/miniconda3/etc/conda/activate.d/activate-gcc_linux-64.sh: line 57: tr: command not found
/home/icb/irene.bonafonte/miniconda3/etc/conda/activate.d/activate-gcc_linux-64.sh: line 72: export: `=/home/icb/irene.bonafonte/miniconda3/bin/x86_64-conda-linux-gnu-gcc': not a valid identifier
/home/icb/irene.bonafonte/miniconda3/etc/conda/activate.d/activate-gcc_linux-64.sh: line 57: tr: command not found
/home/icb/irene.bonafonte/miniconda3/etc/conda/activate.d/activate-gcc_linux-64.sh: line 72: export: `=/home/icb/irene.bonafonte/miniconda3/bin/x86_64-conda-linux-gnu-gcc-ar': not a valid identifier
/home/icb/irene.bonafonte/miniconda3/etc/conda/activate.d/activate-gcc_linux-64.sh: line 57: tr: command not found
/home/icb/irene.bonafonte/miniconda3/etc/conda/activate.d/activate-gcc_linux-64.sh: line 72: export: `=/home/icb/irene.bonafonte/miniconda3/bin/x86_64-conda-linux-gnu-gcc-nm': not a valid identifier
/home/icb/irene.bonafonte/miniconda3/etc/conda/activate.d/activate-gcc_linux-64.sh: line 57: tr: command not found
/home/icb/irene.bonafonte/miniconda3/etc/conda/activate.d/activate-gcc_linux-64.sh: line 72: export: `=/home/icb/irene.bonafonte/miniconda3/bin/x86_64-conda-linux-gnu-gcc-ranlib': not a valid identifier
/home/icb/irene.bonafonte/miniconda3/etc/conda/activate.d/activate-gcc_linux-64.sh: line 52: sed: command not found
/home/icb/irene.bonafonte/miniconda3/etc/conda/activate.d/activate-gcc_linux-64.sh: line 53: sed: command not found
/home/icb/irene.bonafonte/miniconda3/etc/conda/activate.d/activate-gcc_linux-64.sh: line 52: sed: command not found
/home/icb/irene.bonafonte/miniconda3/etc/conda/activate.d/activate-gcc_linux-64.sh: line 53: sed: command not found
/home/icb/irene.bonafonte/miniconda3/etc/conda/activate.d/activate-gcc_linux-64.sh: line 52: sed: command not found
/home/icb/irene.bonafonte/miniconda3/etc/conda/activate.d/activate-gcc_linux-64.sh: line 53: sed: command not found
/home/icb/irene.bonafonte/miniconda3/etc/conda/activate.d/activate-gcc_linux-64.sh: line 52: sed: command not found
/home/icb/irene.bonafonte/miniconda3/etc/conda/activate.d/activate-gcc_linux-64.sh: line 53: sed: command not found
/home/icb/irene.bonafonte/miniconda3/etc/conda/activate.d/activate-gcc_linux-64.sh: line 52: sed: command not found
/home/icb/irene.bonafonte/miniconda3/etc/conda/activate.d/activate-gcc_linux-64.sh: line 53: sed: command not found
/home/icb/irene.bonafonte/miniconda3/etc/conda/activate.d/activate-gcc_linux-64.sh: line 52: sed: command not found
/home/icb/irene.bonafonte/miniconda3/etc/conda/activate.d/activate-gcc_linux-64.sh: line 53: sed: command not found
/home/icb/irene.bonafonte/miniconda3/etc/conda/activate.d/activate-gcc_linux-64.sh: line 52: sed: command not found
/home/icb/irene.bonafonte/miniconda3/etc/conda/activate.d/activate-gcc_linux-64.sh: line 53: sed: command not found
/home/icb/irene.bonafonte/miniconda3/etc/conda/activate.d/activate-gcc_linux-64.sh: line 52: sed: command not found
/home/icb/irene.bonafonte/miniconda3/etc/conda/activate.d/activate-gcc_linux-64.sh: line 53: sed: command not found
/home/icb/irene.bonafonte/miniconda3/etc/conda/activate.d/activate-gcc_linux-64.sh: line 52: sed: command not found
/home/icb/irene.bonafonte/miniconda3/etc/conda/activate.d/activate-gcc_linux-64.sh: line 53: sed: command not found
/home/icb/irene.bonafonte/miniconda3/etc/conda/activate.d/activate-gcc_linux-64.sh: line 52: sed: command not found
/home/icb/irene.bonafonte/miniconda3/etc/conda/activate.d/activate-gcc_linux-64.sh: line 53: sed: command not found
/home/icb/irene.bonafonte/miniconda3/etc/conda/activate.d/activate-gcc_linux-64.sh: line 52: sed: command not found
/home/icb/irene.bonafonte/miniconda3/etc/conda/activate.d/activate-gcc_linux-64.sh: line 53: sed: command not found
/home/icb/irene.bonafonte/miniconda3/etc/conda/activate.d/activate-gcc_linux-64.sh: line 52: sed: command not found
/home/icb/irene.bonafonte/miniconda3/etc/conda/activate.d/activate-gcc_linux-64.sh: line 53: sed: command not found
/home/icb/irene.bonafonte/miniconda3/etc/conda/activate.d/activate-gcc_linux-64.sh: line 52: sed: command not found
/home/icb/irene.bonafonte/miniconda3/etc/conda/activate.d/activate-gcc_linux-64.sh: line 53: sed: command not found
/home/icb/irene.bonafonte/miniconda3/etc/conda/activate.d/activate-gfortran_linux-64.sh: line 52: sed: command not found
/home/icb/irene.bonafonte/miniconda3/etc/conda/activate.d/activate-gfortran_linux-64.sh: line 53: sed: command not found
/home/icb/irene.bonafonte/miniconda3/etc/conda/activate.d/activate-gfortran_linux-64.sh: line 52: sed: command not found
/home/icb/irene.bonafonte/miniconda3/etc/conda/activate.d/activate-gfortran_linux-64.sh: line 53: sed: command not found
/home/icb/irene.bonafonte/miniconda3/etc/conda/activate.d/activate-gfortran_linux-64.sh: line 52: sed: command not found
/home/icb/irene.bonafonte/miniconda3/etc/conda/activate.d/activate-gfortran_linux-64.sh: line 53: sed: command not found
/home/icb/irene.bonafonte/miniconda3/etc/conda/activate.d/activate-gfortran_linux-64.sh: line 52: sed: command not found
/home/icb/irene.bonafonte/miniconda3/etc/conda/activate.d/activate-gfortran_linux-64.sh: line 53: sed: command not found
/home/icb/irene.bonafonte/miniconda3/etc/conda/activate.d/activate-gfortran_linux-64.sh: line 64: tr: command not found
/home/icb/irene.bonafonte/miniconda3/etc/conda/activate.d/activate-gfortran_linux-64.sh: line 72: export: `=/home/icb/irene.bonafonte/miniconda3/bin/x86_64-conda-linux-gnu-gfortran': not a valid identifier
/home/icb/irene.bonafonte/miniconda3/etc/conda/activate.d/activate-gfortran_linux-64.sh: line 64: tr: command not found
/home/icb/irene.bonafonte/miniconda3/etc/conda/activate.d/activate-gfortran_linux-64.sh: line 72: export: `=/home/icb/irene.bonafonte/miniconda3/bin/x86_64-conda-linux-gnu-f95': not a valid identifier
/home/icb/irene.bonafonte/miniconda3/etc/conda/activate.d/activate-gfortran_linux-64.sh: line 52: sed: command not found
/home/icb/irene.bonafonte/miniconda3/etc/conda/activate.d/activate-gfortran_linux-64.sh: line 53: sed: command not found
/home/icb/irene.bonafonte/miniconda3/etc/conda/activate.d/activate-gfortran_linux-64.sh: line 64: tr: command not found
/home/icb/irene.bonafonte/miniconda3/etc/conda/activate.d/activate-gfortran_linux-64.sh: line 52: sed: command not found
/home/icb/irene.bonafonte/miniconda3/etc/conda/activate.d/activate-gfortran_linux-64.sh: line 53: sed: command not found
/home/icb/irene.bonafonte/miniconda3/etc/conda/activate.d/activate-gfortran_linux-64.sh: line 64: tr: command not found
/home/icb/irene.bonafonte/miniconda3/etc/conda/activate.d/activate-gfortran_linux-64.sh: line 52: sed: command not found
/home/icb/irene.bonafonte/miniconda3/etc/conda/activate.d/activate-gfortran_linux-64.sh: line 53: sed: command not found
/home/icb/irene.bonafonte/miniconda3/etc/conda/activate.d/activate-gfortran_linux-64.sh: line 64: tr: command not found
/home/icb/irene.bonafonte/miniconda3/etc/conda/activate.d/activate-gfortran_linux-64.sh: line 52: sed: command not found
/home/icb/irene.bonafonte/miniconda3/etc/conda/activate.d/activate-gfortran_linux-64.sh: line 53: sed: command not found
/home/icb/irene.bonafonte/miniconda3/etc/conda/activate.d/activate-gfortran_linux-64.sh: line 64: tr: command not found
/home/icb/irene.bonafonte/miniconda3/etc/conda/activate.d/activate-gfortran_linux-64.sh: line 52: sed: command not found
/home/icb/irene.bonafonte/miniconda3/etc/conda/activate.d/activate-gfortran_linux-64.sh: line 53: sed: command not found
/home/icb/irene.bonafonte/miniconda3/etc/conda/activate.d/activate-gfortran_linux-64.sh: line 52: sed: command not found
/home/icb/irene.bonafonte/miniconda3/etc/conda/activate.d/activate-gfortran_linux-64.sh: line 53: sed: command not found
/home/icb/irene.bonafonte/miniconda3/etc/conda/activate.d/activate-gfortran_linux-64.sh: line 52: sed: command not found
/home/icb/irene.bonafonte/miniconda3/etc/conda/activate.d/activate-gfortran_linux-64.sh: line 53: sed: command not found
/home/icb/irene.bonafonte/miniconda3/etc/conda/activate.d/activate-gfortran_linux-64.sh: line 52: sed: command not found
/home/icb/irene.bonafonte/miniconda3/etc/conda/activate.d/activate-gfortran_linux-64.sh: line 53: sed: command not found
/home/icb/irene.bonafonte/miniconda3/etc/conda/activate.d/activate-gfortran_linux-64.sh: line 64: tr: command not found
/home/icb/irene.bonafonte/miniconda3/etc/conda/activate.d/activate-gfortran_linux-64.sh: line 52: sed: command not found
/home/icb/irene.bonafonte/miniconda3/etc/conda/activate.d/activate-gfortran_linux-64.sh: line 53: sed: command not found
/home/icb/irene.bonafonte/miniconda3/etc/conda/activate.d/activate-gfortran_linux-64.sh: line 64: tr: command not found
/home/icb/irene.bonafonte/miniconda3/etc/conda/activate.d/activate-gfortran_linux-64.sh: line 52: sed: command not found
/home/icb/irene.bonafonte/miniconda3/etc/conda/activate.d/activate-gfortran_linux-64.sh: line 53: sed: command not found
/home/icb/irene.bonafonte/miniconda3/etc/conda/activate.d/activate-gfortran_linux-64.sh: line 64: tr: command not found
/home/icb/irene.bonafonte/miniconda3/etc/conda/activate.d/activate-gxx_linux-64.sh: line 52: sed: command not found
/home/icb/irene.bonafonte/miniconda3/etc/conda/activate.d/activate-gxx_linux-64.sh: line 53: sed: command not found
/home/icb/irene.bonafonte/miniconda3/etc/conda/activate.d/activate-gxx_linux-64.sh: line 52: sed: command not found
/home/icb/irene.bonafonte/miniconda3/etc/conda/activate.d/activate-gxx_linux-64.sh: line 53: sed: command not found
/home/icb/irene.bonafonte/miniconda3/etc/conda/activate.d/activate-gxx_linux-64.sh: line 52: sed: command not found
/home/icb/irene.bonafonte/miniconda3/etc/conda/activate.d/activate-gxx_linux-64.sh: line 53: sed: command not found
/home/icb/irene.bonafonte/miniconda3/etc/conda/activate.d/activate-gxx_linux-64.sh: line 64: tr: command not found
/home/icb/irene.bonafonte/miniconda3/etc/conda/activate.d/activate-gxx_linux-64.sh: line 72: export: `=/home/icb/irene.bonafonte/miniconda3/bin/x86_64-conda-linux-gnu-c++': not a valid identifier
/home/icb/irene.bonafonte/miniconda3/etc/conda/activate.d/activate-gxx_linux-64.sh: line 64: tr: command not found
/home/icb/irene.bonafonte/miniconda3/etc/conda/activate.d/activate-gxx_linux-64.sh: line 72: export: `=/home/icb/irene.bonafonte/miniconda3/bin/x86_64-conda-linux-gnu-g++': not a valid identifier
/home/icb/irene.bonafonte/miniconda3/etc/conda/activate.d/activate-gxx_linux-64.sh: line 52: sed: command not found
/home/icb/irene.bonafonte/miniconda3/etc/conda/activate.d/activate-gxx_linux-64.sh: line 53: sed: command not found
/home/icb/irene.bonafonte/miniconda3/etc/conda/activate.d/activate-gxx_linux-64.sh: line 64: tr: command not found
/home/icb/irene.bonafonte/miniconda3/etc/conda/activate.d/activate-gxx_linux-64.sh: line 52: sed: command not found
/home/icb/irene.bonafonte/miniconda3/etc/conda/activate.d/activate-gxx_linux-64.sh: line 53: sed: command not found
/home/icb/irene.bonafonte/miniconda3/etc/conda/activate.d/activate-gxx_linux-64.sh: line 64: tr: command not found
/home/icb/irene.bonafonte/miniconda3/etc/conda/activate.d/activate-gxx_linux-64.sh: line 52: sed: command not found
/home/icb/irene.bonafonte/miniconda3/etc/conda/activate.d/activate-gxx_linux-64.sh: line 53: sed: command not found
/home/icb/irene.bonafonte/miniconda3/etc/conda/activate.d/activate-gxx_linux-64.sh: line 64: tr: command not found
/home/icb/irene.bonafonte/miniconda3/lib/python3.9/site-packages/anndata/_core/anndata.py:1828: UserWarning: Observation names are not unique. To make them unique, call `.obs_names_make_unique`.
  utils.warn_names_duplicates("obs")
Traceback (most recent call last):
  File "/lustre/groups/imm01/workspace/irene.bonafonte/2023May_nichecompass/nichecompass-reproducibility/notebooks/scvi.py", line 5, in <module>
    import scvi
  File "/lustre/groups/imm01/workspace/irene.bonafonte/2023May_nichecompass/nichecompass-reproducibility/notebooks/scvi.py", line 19, in <module>
    scvi.model.SCVI.setup_anndata(adata, layer="counts", batch_key="batch")
AttributeError: partially initialized module 'scvi' has no attribute 'model' (most likely due to a circular import)
